<?xml version="1.0" encoding="UTF-8"?>
<testsuites name="TL_Keyword_AppointmentConfirmation_TestSuite" time="102.02" tests="1" failures="0" errors="0">
   <testsuite name="TL_Keyword_AppointmentConfirmation_TestSuite" tests="1" failures="0" errors="0" time="102.02" skipped="0" timestamp="31-01-2024T20:35:48" hostname="SHARON - ADMIN" id="Test Suites/CURA_TL_TestSuite/TL_Keyword_AppointmentConfirmation_TestSuite">
      <properties>
         <property name="deviceName" value=""/>
         <property name="devicePlatform" value=""/>
         <property name="logFolder" value="C:\\Users\\SHARON\\SI-GuidedProject-705628-1704897597\\Reports\\20240131_203534\\CURA_TL_TestSuite\\TL_Keyword_AppointmentConfirmation_TestSuite\\20240131_203534"/>
         <property name="logFiles" value="C:\\Users\\SHARON\\SI-GuidedProject-705628-1704897597\\Reports\\20240131_203534\\CURA_TL_TestSuite\\TL_Keyword_AppointmentConfirmation_TestSuite\\20240131_203534\\execution0.log"/>
         <property name="attachments" value="C:\\Users\\SHARON\\SI-GuidedProject-705628-1704897597\\Reports\\20240131_203534\\CURA_TL_TestSuite\\TL_Keyword_AppointmentConfirmation_TestSuite\\20240131_203534\\1706713600551.png, C:\\Users\\SHARON\\SI-GuidedProject-705628-1704897597\\Reports\\20240131_203534\\CURA_TL_TestSuite\\TL_Keyword_AppointmentConfirmation_TestSuite\\20240131_203534\\1706713648941.png"/>
         <property name="hostName" value="SHARON - ADMIN"/>
         <property name="os" value="Windows 11 64bit"/>
         <property name="katalonVersion" value="9.2.0.212"/>
         <property name="browser" value="Chrome 121.0.0.0"/>
         <property name="hostAddress" value="192.168.29.7"/>
         <property name="sessionId" value="bda1645a629be6b6dcbc619dcd793d98"/>
         <property name="seleniumVersion" value="3.141.59"/>
         <property name="proxyInformation" value="ProxyInformation { proxyOption=NO_PROXY, proxyServerType=HTTP, username=, password=********, proxyServerAddress=, proxyServerPort=0, executionList=&quot;&quot;, isApplyToDesiredCapabilities=true }"/>
         <property name="platform" value="Windows 11"/>
      </properties>
      <testcase name="Test Cases/TestListener/TC_TL_Keyword_AppointmentConfirmation_002" time="89.524" classname="Test Cases/TestListener/TC_TL_Keyword_AppointmentConfirmation_002" status="PASSED">
         <system-out><![CDATA[31-01-2024T20:36:01 - [TEST_CASE][PASSED] - Test Cases/TestListener/TC_TL_Keyword_AppointmentConfirmation_002: Test Cases/TestListener/TC_TL_Keyword_AppointmentConfirmation_002

31-01-2024T20:36:01 - [TEST_STEP][PASSED] - Start listener action : sampleBeforeTestCase: Object: 'Object Repository/TL_Cura_MakeAppointment_OR/Page_CURA Healthcare Service/button_Login' is clicked on

31-01-2024T20:36:01 - [TEST_STEP][PASSED] - setText(findTestObject("Object Repository/TL_Cura_MakeAppointment_OR/Page_CURA Healthcare Service/input_username"), "John Doe"): Text 'John Doe' is set on object 'Object Repository/TL_Cura_MakeAppointment_OR/Page_CURA Healthcare Service/input_username'

31-01-2024T20:36:02 - [MESSAGE][PASSED] - Text 'John Doe' is set on object 'Object Repository/TL_Cura_MakeAppointment_OR/Page_CURA Healthcare Service/input_username'

31-01-2024T20:36:02 - [TEST_STEP][PASSED] - setEncryptedText(findTestObject("Object Repository/TL_Cura_MakeAppointment_OR/Page_CURA Healthcare Service/input_password"), "g3/DOGG74jC3Flrr3yH+3D/yKbOqqUNM"): Text ****** has been set on object 'Object Repository/TL_Cura_MakeAppointment_OR/Page_CURA Healthcare Service/input_password'

31-01-2024T20:36:03 - [MESSAGE][PASSED] - Text ****** has been set on object 'Object Repository/TL_Cura_MakeAppointment_OR/Page_CURA Healthcare Service/input_password'

31-01-2024T20:36:03 - [TEST_STEP][PASSED] - click(findTestObject("Object Repository/TL_Cura_MakeAppointment_OR/Page_CURA Healthcare Service/button_Login")): Object: 'Object Repository/TL_Cura_MakeAppointment_OR/Page_CURA Healthcare Service/button_Login' is clicked on

31-01-2024T20:36:05 - [MESSAGE][PASSED] - Object: 'Object Repository/TL_Cura_MakeAppointment_OR/Page_CURA Healthcare Service/button_Login' is clicked on

31-01-2024T20:36:05 - [TEST_STEP][ERROR] - Start listener action : sampleBeforeTestCase: com.kms.katalon.core.exception.StepFailedException: Unable to set text 'John Doe' of object 'Object Repository/TL_Cura_Keyword_AppointmentConfirmation/Page_CURA Healthcare Service/input_username'
	at com.kms.katalon.core.webui.keyword.internal.WebUIKeywordMain.stepFailed(WebUIKeywordMain.groovy:64)
	at com.kms.katalon.core.webui.keyword.internal.WebUIKeywordMain.runKeyword(WebUIKeywordMain.groovy:26)
	at com.kms.katalon.core.webui.keyword.builtin.SetTextKeyword.setText(SetTextKeyword.groovy:66)
	at com.kms.katalon.core.webui.keyword.builtin.SetTextKeyword.execute(SetTextKeyword.groovy:37)
	at com.kms.katalon.core.keyword.internal.KeywordExecutor.executeKeywordForPlatform(KeywordExecutor.groovy:74)
	at com.kms.katalon.core.webui.keyword.WebUiBuiltInKeywords.setText(WebUiBuiltInKeywords.groovy:1019)
	at CURA_TL_Keyword_AppointmentConfirmation.sampleBeforeTestCase(CURA_TL_Keyword_AppointmentConfirmation.groovy:34)
	at java.base/jdk.internal.reflect.NativeMethodAccessorImpl.invoke0(Native Method)
	at java.base/jdk.internal.reflect.NativeMethodAccessorImpl.invoke(NativeMethodAccessorImpl.java:77)
	at java.base/jdk.internal.reflect.DelegatingMethodAccessorImpl.invoke(DelegatingMethodAccessorImpl.java:43)
	at com.kms.katalon.core.context.internal.TestHooker.invokeMethod(TestHooker.java:111)
	at com.kms.katalon.core.context.internal.TestHooker.lambda$3(TestHooker.java:95)
	at com.kms.katalon.core.context.internal.TestHooker.invokeContextMethods(TestHooker.java:94)
	at com.kms.katalon.core.context.internal.TestListenerCollector.lambda$3(TestListenerCollector.java:88)
	at com.kms.katalon.core.context.internal.TestListenerCollector.handleListenerEvent(TestListenerCollector.java:85)
	at com.kms.katalon.core.context.internal.ExecutionEventManager.publicEvent(ExecutionEventManager.java:36)
	at com.kms.katalon.core.main.TestCaseExecutor.execute(TestCaseExecutor.java:268)
	at com.kms.katalon.core.common.CommonExecutor.accessTestCaseMainPhase(CommonExecutor.java:65)
	at com.kms.katalon.core.main.TestSuiteExecutor.accessTestSuiteMainPhase(TestSuiteExecutor.java:148)
	at com.kms.katalon.core.main.TestSuiteExecutor.execute(TestSuiteExecutor.java:106)
	at com.kms.katalon.core.main.TestCaseMain.startTestSuite(TestCaseMain.java:180)
	at TempTestSuite1706713534649.run(TempTestSuite1706713534649.groovy:36)
	at java.base/jdk.internal.reflect.NativeMethodAccessorImpl.invoke0(Native Method)
	at java.base/jdk.internal.reflect.NativeMethodAccessorImpl.invoke(NativeMethodAccessorImpl.java:77)
	at java.base/jdk.internal.reflect.DelegatingMethodAccessorImpl.invoke(DelegatingMethodAccessorImpl.java:43)
Caused by: com.kms.katalon.core.webui.exception.WebElementNotFoundException: Web element with id: 'Object Repository/TL_Cura_Keyword_AppointmentConfirmation/Page_CURA Healthcare Service/input_username' located by '//input[@id='txt-username']' not found
	at com.kms.katalon.core.webui.common.WebUiCommonHelper.findWebElement(WebUiCommonHelper.java:1379)
	at com.kms.katalon.core.webui.keyword.internal.WebUIAbstractKeyword.findWebElement(WebUIAbstractKeyword.groovy:27)
	at com.kms.katalon.core.webui.keyword.internal.WebUIAbstractKeyword.findWebElement(WebUIAbstractKeyword.groovy:26)
	at com.kms.katalon.core.webui.keyword.builtin.SetTextKeyword$_setText_closure1.doCall(SetTextKeyword.groovy:51)
	at com.kms.katalon.core.webui.keyword.builtin.SetTextKeyword$_setText_closure1.call(SetTextKeyword.groovy)
	at com.kms.katalon.core.webui.keyword.internal.WebUIKeywordMain.runKeyword(WebUIKeywordMain.groovy:20)
	... 23 more


31-01-2024T20:36:05 - [TEST_STEP][ERROR] - setText(findTestObject("Object Repository/TL_Cura_Keyword_AppointmentConfirmation/Page_CURA Healthcare Service/input_username"), "John Doe"): com.kms.katalon.core.exception.StepFailedException: Unable to set text 'John Doe' of object 'Object Repository/TL_Cura_Keyword_AppointmentConfirmation/Page_CURA Healthcare Service/input_username'
	at com.kms.katalon.core.webui.keyword.internal.WebUIKeywordMain.stepFailed(WebUIKeywordMain.groovy:64)
	at com.kms.katalon.core.webui.keyword.internal.WebUIKeywordMain.runKeyword(WebUIKeywordMain.groovy:26)
	at com.kms.katalon.core.webui.keyword.builtin.SetTextKeyword.setText(SetTextKeyword.groovy:66)
	at com.kms.katalon.core.webui.keyword.builtin.SetTextKeyword.execute(SetTextKeyword.groovy:37)
	at com.kms.katalon.core.keyword.internal.KeywordExecutor.executeKeywordForPlatform(KeywordExecutor.groovy:74)
	at com.kms.katalon.core.webui.keyword.WebUiBuiltInKeywords.setText(WebUiBuiltInKeywords.groovy:1019)
	at CURA_TL_Keyword_AppointmentConfirmation.sampleBeforeTestCase(CURA_TL_Keyword_AppointmentConfirmation.groovy:34)
	at java.base/jdk.internal.reflect.NativeMethodAccessorImpl.invoke0(Native Method)
	at java.base/jdk.internal.reflect.NativeMethodAccessorImpl.invoke(NativeMethodAccessorImpl.java:77)
	at java.base/jdk.internal.reflect.DelegatingMethodAccessorImpl.invoke(DelegatingMethodAccessorImpl.java:43)
	at com.kms.katalon.core.context.internal.TestHooker.invokeMethod(TestHooker.java:111)
	at com.kms.katalon.core.context.internal.TestHooker.lambda$3(TestHooker.java:95)
	at com.kms.katalon.core.context.internal.TestHooker.invokeContextMethods(TestHooker.java:94)
	at com.kms.katalon.core.context.internal.TestListenerCollector.lambda$3(TestListenerCollector.java:88)
	at com.kms.katalon.core.context.internal.TestListenerCollector.handleListenerEvent(TestListenerCollector.java:85)
	at com.kms.katalon.core.context.internal.ExecutionEventManager.publicEvent(ExecutionEventManager.java:36)
	at com.kms.katalon.core.main.TestCaseExecutor.execute(TestCaseExecutor.java:268)
	at com.kms.katalon.core.common.CommonExecutor.accessTestCaseMainPhase(CommonExecutor.java:65)
	at com.kms.katalon.core.main.TestSuiteExecutor.accessTestSuiteMainPhase(TestSuiteExecutor.java:148)
	at com.kms.katalon.core.main.TestSuiteExecutor.execute(TestSuiteExecutor.java:106)
	at com.kms.katalon.core.main.TestCaseMain.startTestSuite(TestCaseMain.java:180)
	at TempTestSuite1706713534649.run(TempTestSuite1706713534649.groovy:36)
	at java.base/jdk.internal.reflect.NativeMethodAccessorImpl.invoke0(Native Method)
	at java.base/jdk.internal.reflect.NativeMethodAccessorImpl.invoke(NativeMethodAccessorImpl.java:77)
	at java.base/jdk.internal.reflect.DelegatingMethodAccessorImpl.invoke(DelegatingMethodAccessorImpl.java:43)
Caused by: com.kms.katalon.core.webui.exception.WebElementNotFoundException: Web element with id: 'Object Repository/TL_Cura_Keyword_AppointmentConfirmation/Page_CURA Healthcare Service/input_username' located by '//input[@id='txt-username']' not found
	at com.kms.katalon.core.webui.common.WebUiCommonHelper.findWebElement(WebUiCommonHelper.java:1379)
	at com.kms.katalon.core.webui.keyword.internal.WebUIAbstractKeyword.findWebElement(WebUIAbstractKeyword.groovy:27)
	at com.kms.katalon.core.webui.keyword.internal.WebUIAbstractKeyword.findWebElement(WebUIAbstractKeyword.groovy:26)
	at com.kms.katalon.core.webui.keyword.builtin.SetTextKeyword$_setText_closure1.doCall(SetTextKeyword.groovy:51)
	at com.kms.katalon.core.webui.keyword.builtin.SetTextKeyword$_setText_closure1.call(SetTextKeyword.groovy)
	at com.kms.katalon.core.webui.keyword.internal.WebUIKeywordMain.runKeyword(WebUIKeywordMain.groovy:20)
	... 23 more


31-01-2024T20:36:36 - [MESSAGE][INFO] - Unable to find the element located by 'By.xpath: //input[@id='txt-username']'. Please recheck the objects properties to make sure the desired element is located. 

31-01-2024T20:36:36 - [MESSAGE][WARNING] - [SELF-HEALING] Failed to find element with id 'Object Repository/TL_Cura_Keyword_AppointmentConfirmation/Page_CURA Healthcare Service/input_username'. Try using Self-healing.

31-01-2024T20:36:37 - [MESSAGE][INFO] - [SELF-HEALING] Failed Locator: '//input[@id='txt-username']'.

31-01-2024T20:36:37 - [MESSAGE][INFO] - [SELF-HEALING] Failed Locator: '//section[@id='login']/div/div/div[2]/form/div[2]/div/input'.

31-01-2024T20:36:37 - [MESSAGE][INFO] - [SELF-HEALING] Failed Locator: '//div[2]/div/input'.

31-01-2024T20:36:38 - [MESSAGE][INFO] - [SELF-HEALING] Failed Locator: '//input[@type = 'text' and @id = 'txt-username' and @name = 'username' and @placeholder = 'Username']'.

31-01-2024T20:36:39 - [MESSAGE][INFO] - Unable to find the element located by 'By.xpath: //*[@type = 'text' and @id = 'txt-username' and @name = 'username' and @placeholder = 'Username']'. Please recheck the objects properties to make sure the desired element is located. 

31-01-2024T20:36:40 - [MESSAGE][INFO] - Unable to find the element located by 'By.cssSelector: #txt-username'. Please recheck the objects properties to make sure the desired element is located. 

31-01-2024T20:36:40 - [MESSAGE][FAILED] - Unable to set text 'John Doe' of object 'Object Repository/TL_Cura_Keyword_AppointmentConfirmation/Page_CURA Healthcare Service/input_username' (Root cause: com.kms.katalon.core.exception.StepFailedException: Unable to set text 'John Doe' of object 'Object Repository/TL_Cura_Keyword_AppointmentConfirmation/Page_CURA Healthcare Service/input_username'
	at com.kms.katalon.core.webui.keyword.internal.WebUIKeywordMain.stepFailed(WebUIKeywordMain.groovy:64)
	at com.kms.katalon.core.webui.keyword.internal.WebUIKeywordMain.runKeyword(WebUIKeywordMain.groovy:26)
	at com.kms.katalon.core.webui.keyword.builtin.SetTextKeyword.setText(SetTextKeyword.groovy:66)
	at com.kms.katalon.core.webui.keyword.builtin.SetTextKeyword.execute(SetTextKeyword.groovy:37)
	at com.kms.katalon.core.keyword.internal.KeywordExecutor.executeKeywordForPlatform(KeywordExecutor.groovy:74)
	at com.kms.katalon.core.webui.keyword.WebUiBuiltInKeywords.setText(WebUiBuiltInKeywords.groovy:1019)
	at CURA_TL_Keyword_AppointmentConfirmation.sampleBeforeTestCase(CURA_TL_Keyword_AppointmentConfirmation.groovy:34)
	at java.base/jdk.internal.reflect.NativeMethodAccessorImpl.invoke0(Native Method)
	at java.base/jdk.internal.reflect.NativeMethodAccessorImpl.invoke(NativeMethodAccessorImpl.java:77)
	at java.base/jdk.internal.reflect.DelegatingMethodAccessorImpl.invoke(DelegatingMethodAccessorImpl.java:43)
	at com.kms.katalon.core.context.internal.TestHooker.invokeMethod(TestHooker.java:111)
	at com.kms.katalon.core.context.internal.TestHooker.lambda$3(TestHooker.java:95)
	at com.kms.katalon.core.context.internal.TestHooker.invokeContextMethods(TestHooker.java:94)
	at com.kms.katalon.core.context.internal.TestListenerCollector.lambda$3(TestListenerCollector.java:88)
	at com.kms.katalon.core.context.internal.TestListenerCollector.handleListenerEvent(TestListenerCollector.java:85)
	at com.kms.katalon.core.context.internal.ExecutionEventManager.publicEvent(ExecutionEventManager.java:36)
	at com.kms.katalon.core.main.TestCaseExecutor.execute(TestCaseExecutor.java:268)
	at com.kms.katalon.core.common.CommonExecutor.accessTestCaseMainPhase(CommonExecutor.java:65)
	at com.kms.katalon.core.main.TestSuiteExecutor.accessTestSuiteMainPhase(TestSuiteExecutor.java:148)
	at com.kms.katalon.core.main.TestSuiteExecutor.execute(TestSuiteExecutor.java:106)
	at com.kms.katalon.core.main.TestCaseMain.startTestSuite(TestCaseMain.java:180)
	at TempTestSuite1706713534649.run(TempTestSuite1706713534649.groovy:36)
	at java.base/jdk.internal.reflect.NativeMethodAccessorImpl.invoke0(Native Method)
	at java.base/jdk.internal.reflect.NativeMethodAccessorImpl.invoke(NativeMethodAccessorImpl.java:77)
	at java.base/jdk.internal.reflect.DelegatingMethodAccessorImpl.invoke(DelegatingMethodAccessorImpl.java:43)
Caused by: com.kms.katalon.core.webui.exception.WebElementNotFoundException: Web element with id: 'Object Repository/TL_Cura_Keyword_AppointmentConfirmation/Page_CURA Healthcare Service/input_username' located by '//input[@id='txt-username']' not found
	at com.kms.katalon.core.webui.common.WebUiCommonHelper.findWebElement(WebUiCommonHelper.java:1379)
	at com.kms.katalon.core.webui.keyword.internal.WebUIAbstractKeyword.findWebElement(WebUIAbstractKeyword.groovy:27)
	at com.kms.katalon.core.webui.keyword.internal.WebUIAbstractKeyword.findWebElement(WebUIAbstractKeyword.groovy:26)
	at com.kms.katalon.core.webui.keyword.builtin.SetTextKeyword$_setText_closure1.doCall(SetTextKeyword.groovy:51)
	at com.kms.katalon.core.webui.keyword.builtin.SetTextKeyword$_setText_closure1.call(SetTextKeyword.groovy)
	at com.kms.katalon.core.webui.keyword.internal.WebUIKeywordMain.runKeyword(WebUIKeywordMain.groovy:20)
	... 23 more
)
[[ATTACHMENT|C:\\Users\\SHARON\\SI-GuidedProject-705628-1704897597\\Reports\\20240131_203534\\CURA_TL_TestSuite\\TL_Keyword_AppointmentConfirmation_TestSuite\\20240131_203534\\1706713600551.png]]

31-01-2024T20:36:40 - [MESSAGE][ERROR] - com.kms.katalon.core.exception.StepFailedException: Unable to set text 'John Doe' of object 'Object Repository/TL_Cura_Keyword_AppointmentConfirmation/Page_CURA Healthcare Service/input_username'
	at com.kms.katalon.core.webui.keyword.internal.WebUIKeywordMain.stepFailed(WebUIKeywordMain.groovy:64)
	at com.kms.katalon.core.webui.keyword.internal.WebUIKeywordMain.runKeyword(WebUIKeywordMain.groovy:26)
	at com.kms.katalon.core.webui.keyword.builtin.SetTextKeyword.setText(SetTextKeyword.groovy:66)
	at com.kms.katalon.core.webui.keyword.builtin.SetTextKeyword.execute(SetTextKeyword.groovy:37)
	at com.kms.katalon.core.keyword.internal.KeywordExecutor.executeKeywordForPlatform(KeywordExecutor.groovy:74)
	at com.kms.katalon.core.webui.keyword.WebUiBuiltInKeywords.setText(WebUiBuiltInKeywords.groovy:1019)
	at CURA_TL_Keyword_AppointmentConfirmation.sampleBeforeTestCase(CURA_TL_Keyword_AppointmentConfirmation.groovy:34)
	at java.base/jdk.internal.reflect.NativeMethodAccessorImpl.invoke0(Native Method)
	at java.base/jdk.internal.reflect.NativeMethodAccessorImpl.invoke(NativeMethodAccessorImpl.java:77)
	at java.base/jdk.internal.reflect.DelegatingMethodAccessorImpl.invoke(DelegatingMethodAccessorImpl.java:43)
	at com.kms.katalon.core.context.internal.TestHooker.invokeMethod(TestHooker.java:111)
	at com.kms.katalon.core.context.internal.TestHooker.lambda$3(TestHooker.java:95)
	at com.kms.katalon.core.context.internal.TestHooker.invokeContextMethods(TestHooker.java:94)
	at com.kms.katalon.core.context.internal.TestListenerCollector.lambda$3(TestListenerCollector.java:88)
	at com.kms.katalon.core.context.internal.TestListenerCollector.handleListenerEvent(TestListenerCollector.java:85)
	at com.kms.katalon.core.context.internal.ExecutionEventManager.publicEvent(ExecutionEventManager.java:36)
	at com.kms.katalon.core.main.TestCaseExecutor.execute(TestCaseExecutor.java:268)
	at com.kms.katalon.core.common.CommonExecutor.accessTestCaseMainPhase(CommonExecutor.java:65)
	at com.kms.katalon.core.main.TestSuiteExecutor.accessTestSuiteMainPhase(TestSuiteExecutor.java:148)
	at com.kms.katalon.core.main.TestSuiteExecutor.execute(TestSuiteExecutor.java:106)
	at com.kms.katalon.core.main.TestCaseMain.startTestSuite(TestCaseMain.java:180)
	at TempTestSuite1706713534649.run(TempTestSuite1706713534649.groovy:36)
	at java.base/jdk.internal.reflect.NativeMethodAccessorImpl.invoke0(Native Method)
	at java.base/jdk.internal.reflect.NativeMethodAccessorImpl.invoke(NativeMethodAccessorImpl.java:77)
	at java.base/jdk.internal.reflect.DelegatingMethodAccessorImpl.invoke(DelegatingMethodAccessorImpl.java:43)
Caused by: com.kms.katalon.core.webui.exception.WebElementNotFoundException: Web element with id: 'Object Repository/TL_Cura_Keyword_AppointmentConfirmation/Page_CURA Healthcare Service/input_username' located by '//input[@id='txt-username']' not found
	at com.kms.katalon.core.webui.common.WebUiCommonHelper.findWebElement(WebUiCommonHelper.java:1379)
	at com.kms.katalon.core.webui.keyword.internal.WebUIAbstractKeyword.findWebElement(WebUIAbstractKeyword.groovy:27)
	at com.kms.katalon.core.webui.keyword.internal.WebUIAbstractKeyword.findWebElement(WebUIAbstractKeyword.groovy:26)
	at com.kms.katalon.core.webui.keyword.builtin.SetTextKeyword$_setText_closure1.doCall(SetTextKeyword.groovy:51)
	at com.kms.katalon.core.webui.keyword.builtin.SetTextKeyword$_setText_closure1.call(SetTextKeyword.groovy)
	at com.kms.katalon.core.webui.keyword.internal.WebUIKeywordMain.runKeyword(WebUIKeywordMain.groovy:20)
	... 23 more


31-01-2024T20:36:41 - [TEST_STEP][PASSED] - click(findTestObject("Object Repository/TL_Cura_Keyword_AppointmentConfirmation/Page_CURA Healthcare Service/h2_Make Appointment")): Object: 'Object Repository/TL_Cura_Keyword_AppointmentConfirmation/Page_CURA Healthcare Service/h2_Make Appointment' is clicked on

31-01-2024T20:36:41 - [MESSAGE][PASSED] - Object: 'Object Repository/TL_Cura_Keyword_AppointmentConfirmation/Page_CURA Healthcare Service/h2_Make Appointment' is clicked on

31-01-2024T20:36:41 - [TEST_STEP][PASSED] - selectOptionByValue(findTestObject("Object Repository/TL_Cura_Keyword_AppointmentConfirmation/Page_CURA Healthcare Service/select_Tokyo CURA Healthcare Center        _5b4107"), "Hongkong CURA Healthcare Center", true): All options with value 'Hongkong CURA Healthcare Center' are selected in object 'Object Repository/TL_Cura_Keyword_AppointmentConfirmation/Page_CURA Healthcare Service/select_Tokyo CURA Healthcare Center        _5b4107'  using regular expression

31-01-2024T20:36:43 - [MESSAGE][PASSED] - All options with value 'Hongkong CURA Healthcare Center' are selected in object 'Object Repository/TL_Cura_Keyword_AppointmentConfirmation/Page_CURA Healthcare Service/select_Tokyo CURA Healthcare Center        _5b4107'  using regular expression

31-01-2024T20:36:43 - [TEST_STEP][PASSED] - com.qa.test.TL_Keyword.CheckDropDownListElementExist(findTestObject("TL_Cura_Keyword_AppointmentConfirmation/Page_CURA Healthcare Service/select_Tokyo CURA Healthcare Center        _5b4107"), "Tokyo CURA Healthcare Center"): com.qa.test.TL_Keyword.CheckDropDownListElementExist is PASSED

31-01-2024T20:36:45 - [MESSAGE][PASSED] - com.qa.test.TL_Keyword.CheckDropDownListElementExist is PASSED

31-01-2024T20:36:45 - [TEST_STEP][PASSED] - click(findTestObject("Object Repository/TL_Cura_Keyword_AppointmentConfirmation/Page_CURA Healthcare Service/input_programs")): Object: 'Object Repository/TL_Cura_Keyword_AppointmentConfirmation/Page_CURA Healthcare Service/input_programs' is clicked on

31-01-2024T20:36:45 - [MESSAGE][PASSED] - Object: 'Object Repository/TL_Cura_Keyword_AppointmentConfirmation/Page_CURA Healthcare Service/input_programs' is clicked on

31-01-2024T20:36:45 - [TEST_STEP][PASSED] - click(findTestObject("Object Repository/TL_Cura_Keyword_AppointmentConfirmation/Page_CURA Healthcare Service/input_visit_date")): Object: 'Object Repository/TL_Cura_Keyword_AppointmentConfirmation/Page_CURA Healthcare Service/input_visit_date' is clicked on

31-01-2024T20:36:46 - [MESSAGE][PASSED] - Object: 'Object Repository/TL_Cura_Keyword_AppointmentConfirmation/Page_CURA Healthcare Service/input_visit_date' is clicked on

31-01-2024T20:36:46 - [TEST_STEP][PASSED] - click(findTestObject("Object Repository/TL_Cura_Keyword_AppointmentConfirmation/Page_CURA Healthcare Service/td_31")): Object: 'Object Repository/TL_Cura_Keyword_AppointmentConfirmation/Page_CURA Healthcare Service/td_31' is clicked on

31-01-2024T20:36:47 - [MESSAGE][PASSED] - Object: 'Object Repository/TL_Cura_Keyword_AppointmentConfirmation/Page_CURA Healthcare Service/td_31' is clicked on

31-01-2024T20:36:47 - [TEST_STEP][PASSED] - setText(findTestObject("Object Repository/TL_Cura_Keyword_AppointmentConfirmation/Page_CURA Healthcare Service/textarea_comment"), "ijuhygtfr"): Text 'ijuhygtfr' is set on object 'Object Repository/TL_Cura_Keyword_AppointmentConfirmation/Page_CURA Healthcare Service/textarea_comment'

31-01-2024T20:36:48 - [MESSAGE][PASSED] - Text 'ijuhygtfr' is set on object 'Object Repository/TL_Cura_Keyword_AppointmentConfirmation/Page_CURA Healthcare Service/textarea_comment'

31-01-2024T20:36:48 - [TEST_STEP][PASSED] - click(findTestObject("Object Repository/TL_Cura_Keyword_AppointmentConfirmation/Page_CURA Healthcare Service/button_Book Appointment")): Object: 'Object Repository/TL_Cura_Keyword_AppointmentConfirmation/Page_CURA Healthcare Service/button_Book Appointment' is clicked on

31-01-2024T20:36:49 - [MESSAGE][PASSED] - Object: 'Object Repository/TL_Cura_Keyword_AppointmentConfirmation/Page_CURA Healthcare Service/button_Book Appointment' is clicked on

31-01-2024T20:36:49 - [TEST_STEP][PASSED] - click(findTestObject("Object Repository/TL_Cura_Keyword_AppointmentConfirmation/Page_CURA Healthcare Service/h2_Appointment Confirmation")): Object: 'Object Repository/TL_Cura_Keyword_AppointmentConfirmation/Page_CURA Healthcare Service/h2_Appointment Confirmation' is clicked on

31-01-2024T20:36:50 - [MESSAGE][PASSED] - Object: 'Object Repository/TL_Cura_Keyword_AppointmentConfirmation/Page_CURA Healthcare Service/h2_Appointment Confirmation' is clicked on

31-01-2024T20:36:50 - [TEST_STEP][PASSED] - verifyCheckpoint(findCheckpoint("Checkpoints/Checkpoint_Cura_TestData/Cura_VisitDate_TestData_Checkpoint"), true): Checkpoint data and Source data are matched

31-01-2024T20:36:50 - [MESSAGE][PASSED] - Checkpoint data and Source data are matched

31-01-2024T20:36:50 - [TEST_STEP][PASSED] - Start listener action : sampleAfterTestCase: Object: 'Object Repository/TL_Cura_MakeAppointment_OR/Page_CURA Healthcare Service/a_Logout' is clicked on

31-01-2024T20:36:50 - [TEST_STEP][PASSED] - click(findTestObject("Object Repository/TL_Cura_MakeAppointment_OR/Page_CURA Healthcare Service/amenu-toggle")): Object: 'Object Repository/TL_Cura_MakeAppointment_OR/Page_CURA Healthcare Service/amenu-toggle' is clicked on

31-01-2024T20:36:50 - [MESSAGE][PASSED] - Object: 'Object Repository/TL_Cura_MakeAppointment_OR/Page_CURA Healthcare Service/amenu-toggle' is clicked on

31-01-2024T20:36:50 - [TEST_STEP][PASSED] - click(findTestObject("Object Repository/TL_Cura_MakeAppointment_OR/Page_CURA Healthcare Service/a_Logout")): Object: 'Object Repository/TL_Cura_MakeAppointment_OR/Page_CURA Healthcare Service/a_Logout' is clicked on

31-01-2024T20:36:52 - [MESSAGE][PASSED] - Object: 'Object Repository/TL_Cura_MakeAppointment_OR/Page_CURA Healthcare Service/a_Logout' is clicked on

31-01-2024T20:36:52 - [TEST_STEP][ERROR] - Start listener action : sampleAfterTestCase: com.kms.katalon.core.exception.StepFailedException: Unable to click on object 'Object Repository/TL_Cura_Keyword_AppointmentConfirmation/Page_CURA Healthcare Service/a_Logout'
	at com.kms.katalon.core.webui.keyword.internal.WebUIKeywordMain.stepFailed(WebUIKeywordMain.groovy:64)
	at com.kms.katalon.core.webui.keyword.internal.WebUIKeywordMain.runKeyword(WebUIKeywordMain.groovy:26)
	at com.kms.katalon.core.webui.keyword.builtin.ClickKeyword.click(ClickKeyword.groovy:74)
	at com.kms.katalon.core.webui.keyword.builtin.ClickKeyword.execute(ClickKeyword.groovy:40)
	at com.kms.katalon.core.keyword.internal.KeywordExecutor.executeKeywordForPlatform(KeywordExecutor.groovy:74)
	at com.kms.katalon.core.webui.keyword.WebUiBuiltInKeywords.click(WebUiBuiltInKeywords.groovy:659)
	at CURA_TL_Keyword_AppointmentConfirmation.sampleAfterTestCase(CURA_TL_Keyword_AppointmentConfirmation.groovy:55)
	at java.base/jdk.internal.reflect.NativeMethodAccessorImpl.invoke0(Native Method)
	at java.base/jdk.internal.reflect.NativeMethodAccessorImpl.invoke(NativeMethodAccessorImpl.java:77)
	at java.base/jdk.internal.reflect.DelegatingMethodAccessorImpl.invoke(DelegatingMethodAccessorImpl.java:43)
	at com.kms.katalon.core.context.internal.TestHooker.invokeMethod(TestHooker.java:111)
	at com.kms.katalon.core.context.internal.TestHooker.lambda$3(TestHooker.java:95)
	at com.kms.katalon.core.context.internal.TestHooker.invokeContextMethods(TestHooker.java:94)
	at com.kms.katalon.core.context.internal.TestListenerCollector.lambda$3(TestListenerCollector.java:88)
	at com.kms.katalon.core.context.internal.TestListenerCollector.handleListenerEvent(TestListenerCollector.java:85)
	at com.kms.katalon.core.context.internal.ExecutionEventManager.publicEvent(ExecutionEventManager.java:36)
	at com.kms.katalon.core.main.TestCaseExecutor.execute(TestCaseExecutor.java:315)
	at com.kms.katalon.core.common.CommonExecutor.accessTestCaseMainPhase(CommonExecutor.java:65)
	at com.kms.katalon.core.main.TestSuiteExecutor.accessTestSuiteMainPhase(TestSuiteExecutor.java:148)
	at com.kms.katalon.core.main.TestSuiteExecutor.execute(TestSuiteExecutor.java:106)
	at com.kms.katalon.core.main.TestCaseMain.startTestSuite(TestCaseMain.java:180)
	at TempTestSuite1706713534649.run(TempTestSuite1706713534649.groovy:36)
	at java.base/jdk.internal.reflect.NativeMethodAccessorImpl.invoke0(Native Method)
	at java.base/jdk.internal.reflect.NativeMethodAccessorImpl.invoke(NativeMethodAccessorImpl.java:77)
	at java.base/jdk.internal.reflect.DelegatingMethodAccessorImpl.invoke(DelegatingMethodAccessorImpl.java:43)
Caused by: com.kms.katalon.core.webui.exception.WebElementNotFoundException: Web element with id: 'Object Repository/TL_Cura_Keyword_AppointmentConfirmation/Page_CURA Healthcare Service/a_Logout' located by '(//a[@onclick="$('#menu-close').click();"])[5]' not found
	at com.kms.katalon.core.webui.common.WebUiCommonHelper.findWebElement(WebUiCommonHelper.java:1379)
	at com.kms.katalon.core.webui.keyword.internal.WebUIAbstractKeyword.findWebElement(WebUIAbstractKeyword.groovy:27)
	at com.kms.katalon.core.webui.keyword.builtin.ClickKeyword$_click_closure1.doCall(ClickKeyword.groovy:65)
	at com.kms.katalon.core.webui.keyword.builtin.ClickKeyword$_click_closure1.call(ClickKeyword.groovy)
	at com.kms.katalon.core.webui.keyword.internal.WebUIKeywordMain.runKeyword(WebUIKeywordMain.groovy:20)
	... 23 more


31-01-2024T20:36:52 - [TEST_STEP][PASSED] - click(findTestObject("Object Repository/TL_Cura_Keyword_AppointmentConfirmation/Page_CURA Healthcare Service/amenu-toggle")): Object: 'Object Repository/TL_Cura_Keyword_AppointmentConfirmation/Page_CURA Healthcare Service/amenu-toggle' is clicked on

31-01-2024T20:36:53 - [MESSAGE][PASSED] - Object: 'Object Repository/TL_Cura_Keyword_AppointmentConfirmation/Page_CURA Healthcare Service/amenu-toggle' is clicked on

31-01-2024T20:36:53 - [TEST_STEP][ERROR] - click(findTestObject("Object Repository/TL_Cura_Keyword_AppointmentConfirmation/Page_CURA Healthcare Service/a_Logout")): com.kms.katalon.core.exception.StepFailedException: Unable to click on object 'Object Repository/TL_Cura_Keyword_AppointmentConfirmation/Page_CURA Healthcare Service/a_Logout'
	at com.kms.katalon.core.webui.keyword.internal.WebUIKeywordMain.stepFailed(WebUIKeywordMain.groovy:64)
	at com.kms.katalon.core.webui.keyword.internal.WebUIKeywordMain.runKeyword(WebUIKeywordMain.groovy:26)
	at com.kms.katalon.core.webui.keyword.builtin.ClickKeyword.click(ClickKeyword.groovy:74)
	at com.kms.katalon.core.webui.keyword.builtin.ClickKeyword.execute(ClickKeyword.groovy:40)
	at com.kms.katalon.core.keyword.internal.KeywordExecutor.executeKeywordForPlatform(KeywordExecutor.groovy:74)
	at com.kms.katalon.core.webui.keyword.WebUiBuiltInKeywords.click(WebUiBuiltInKeywords.groovy:659)
	at CURA_TL_Keyword_AppointmentConfirmation.sampleAfterTestCase(CURA_TL_Keyword_AppointmentConfirmation.groovy:55)
	at java.base/jdk.internal.reflect.NativeMethodAccessorImpl.invoke0(Native Method)
	at java.base/jdk.internal.reflect.NativeMethodAccessorImpl.invoke(NativeMethodAccessorImpl.java:77)
	at java.base/jdk.internal.reflect.DelegatingMethodAccessorImpl.invoke(DelegatingMethodAccessorImpl.java:43)
	at com.kms.katalon.core.context.internal.TestHooker.invokeMethod(TestHooker.java:111)
	at com.kms.katalon.core.context.internal.TestHooker.lambda$3(TestHooker.java:95)
	at com.kms.katalon.core.context.internal.TestHooker.invokeContextMethods(TestHooker.java:94)
	at com.kms.katalon.core.context.internal.TestListenerCollector.lambda$3(TestListenerCollector.java:88)
	at com.kms.katalon.core.context.internal.TestListenerCollector.handleListenerEvent(TestListenerCollector.java:85)
	at com.kms.katalon.core.context.internal.ExecutionEventManager.publicEvent(ExecutionEventManager.java:36)
	at com.kms.katalon.core.main.TestCaseExecutor.execute(TestCaseExecutor.java:315)
	at com.kms.katalon.core.common.CommonExecutor.accessTestCaseMainPhase(CommonExecutor.java:65)
	at com.kms.katalon.core.main.TestSuiteExecutor.accessTestSuiteMainPhase(TestSuiteExecutor.java:148)
	at com.kms.katalon.core.main.TestSuiteExecutor.execute(TestSuiteExecutor.java:106)
	at com.kms.katalon.core.main.TestCaseMain.startTestSuite(TestCaseMain.java:180)
	at TempTestSuite1706713534649.run(TempTestSuite1706713534649.groovy:36)
	at java.base/jdk.internal.reflect.NativeMethodAccessorImpl.invoke0(Native Method)
	at java.base/jdk.internal.reflect.NativeMethodAccessorImpl.invoke(NativeMethodAccessorImpl.java:77)
	at java.base/jdk.internal.reflect.DelegatingMethodAccessorImpl.invoke(DelegatingMethodAccessorImpl.java:43)
Caused by: com.kms.katalon.core.webui.exception.WebElementNotFoundException: Web element with id: 'Object Repository/TL_Cura_Keyword_AppointmentConfirmation/Page_CURA Healthcare Service/a_Logout' located by '(//a[@onclick="$('#menu-close').click();"])[5]' not found
	at com.kms.katalon.core.webui.common.WebUiCommonHelper.findWebElement(WebUiCommonHelper.java:1379)
	at com.kms.katalon.core.webui.keyword.internal.WebUIAbstractKeyword.findWebElement(WebUIAbstractKeyword.groovy:27)
	at com.kms.katalon.core.webui.keyword.builtin.ClickKeyword$_click_closure1.doCall(ClickKeyword.groovy:65)
	at com.kms.katalon.core.webui.keyword.builtin.ClickKeyword$_click_closure1.call(ClickKeyword.groovy)
	at com.kms.katalon.core.webui.keyword.internal.WebUIKeywordMain.runKeyword(WebUIKeywordMain.groovy:20)
	... 23 more


31-01-2024T20:37:24 - [MESSAGE][INFO] - Unable to find the element located by 'By.xpath: (//a[@onclick="$('#menu-close').click();"])[5]'. Please recheck the objects properties to make sure the desired element is located. 

31-01-2024T20:37:24 - [MESSAGE][WARNING] - [SELF-HEALING] Failed to find element with id 'Object Repository/TL_Cura_Keyword_AppointmentConfirmation/Page_CURA Healthcare Service/a_Logout'. Try using Self-healing.

31-01-2024T20:37:25 - [MESSAGE][INFO] - [SELF-HEALING] Failed Locator: '(//a[@onclick="$('#menu-close').click();"])[5]'.

31-01-2024T20:37:25 - [MESSAGE][INFO] - [SELF-HEALING] Failed Locator: '//nav[@id='sidebar-wrapper']/ul/li[5]/a'.

31-01-2024T20:37:25 - [MESSAGE][INFO] - [SELF-HEALING] Failed Locator: '//a[contains(text(),'Logout')]'.

31-01-2024T20:37:26 - [MESSAGE][INFO] - [SELF-HEALING] Failed Locator: '//a[contains(@href, 'authenticate.php?logout')]'.

31-01-2024T20:37:26 - [MESSAGE][INFO] - [SELF-HEALING] Failed Locator: '//li[5]/a'.

31-01-2024T20:37:26 - [MESSAGE][INFO] - [SELF-HEALING] Failed Locator: '//a[@href = 'authenticate.php?logout' and (text() = 'Logout' or . = 'Logout')]'.

31-01-2024T20:37:27 - [MESSAGE][INFO] - Unable to find the element located by 'By.xpath: //*[@href = 'authenticate.php?logout' and (text() = 'Logout' or . = 'Logout')]'. Please recheck the objects properties to make sure the desired element is located. 

31-01-2024T20:37:28 - [MESSAGE][INFO] - Unable to find the element located by 'By.cssSelector: li:nth-of-type(5) > a'. Please recheck the objects properties to make sure the desired element is located. 

31-01-2024T20:37:30 - [MESSAGE][FAILED] - Unable to click on object 'Object Repository/TL_Cura_Keyword_AppointmentConfirmation/Page_CURA Healthcare Service/a_Logout' (Root cause: com.kms.katalon.core.exception.StepFailedException: Unable to click on object 'Object Repository/TL_Cura_Keyword_AppointmentConfirmation/Page_CURA Healthcare Service/a_Logout'
	at com.kms.katalon.core.webui.keyword.internal.WebUIKeywordMain.stepFailed(WebUIKeywordMain.groovy:64)
	at com.kms.katalon.core.webui.keyword.internal.WebUIKeywordMain.runKeyword(WebUIKeywordMain.groovy:26)
	at com.kms.katalon.core.webui.keyword.builtin.ClickKeyword.click(ClickKeyword.groovy:74)
	at com.kms.katalon.core.webui.keyword.builtin.ClickKeyword.execute(ClickKeyword.groovy:40)
	at com.kms.katalon.core.keyword.internal.KeywordExecutor.executeKeywordForPlatform(KeywordExecutor.groovy:74)
	at com.kms.katalon.core.webui.keyword.WebUiBuiltInKeywords.click(WebUiBuiltInKeywords.groovy:659)
	at CURA_TL_Keyword_AppointmentConfirmation.sampleAfterTestCase(CURA_TL_Keyword_AppointmentConfirmation.groovy:55)
	at java.base/jdk.internal.reflect.NativeMethodAccessorImpl.invoke0(Native Method)
	at java.base/jdk.internal.reflect.NativeMethodAccessorImpl.invoke(NativeMethodAccessorImpl.java:77)
	at java.base/jdk.internal.reflect.DelegatingMethodAccessorImpl.invoke(DelegatingMethodAccessorImpl.java:43)
	at com.kms.katalon.core.context.internal.TestHooker.invokeMethod(TestHooker.java:111)
	at com.kms.katalon.core.context.internal.TestHooker.lambda$3(TestHooker.java:95)
	at com.kms.katalon.core.context.internal.TestHooker.invokeContextMethods(TestHooker.java:94)
	at com.kms.katalon.core.context.internal.TestListenerCollector.lambda$3(TestListenerCollector.java:88)
	at com.kms.katalon.core.context.internal.TestListenerCollector.handleListenerEvent(TestListenerCollector.java:85)
	at com.kms.katalon.core.context.internal.ExecutionEventManager.publicEvent(ExecutionEventManager.java:36)
	at com.kms.katalon.core.main.TestCaseExecutor.execute(TestCaseExecutor.java:315)
	at com.kms.katalon.core.common.CommonExecutor.accessTestCaseMainPhase(CommonExecutor.java:65)
	at com.kms.katalon.core.main.TestSuiteExecutor.accessTestSuiteMainPhase(TestSuiteExecutor.java:148)
	at com.kms.katalon.core.main.TestSuiteExecutor.execute(TestSuiteExecutor.java:106)
	at com.kms.katalon.core.main.TestCaseMain.startTestSuite(TestCaseMain.java:180)
	at TempTestSuite1706713534649.run(TempTestSuite1706713534649.groovy:36)
	at java.base/jdk.internal.reflect.NativeMethodAccessorImpl.invoke0(Native Method)
	at java.base/jdk.internal.reflect.NativeMethodAccessorImpl.invoke(NativeMethodAccessorImpl.java:77)
	at java.base/jdk.internal.reflect.DelegatingMethodAccessorImpl.invoke(DelegatingMethodAccessorImpl.java:43)
Caused by: com.kms.katalon.core.webui.exception.WebElementNotFoundException: Web element with id: 'Object Repository/TL_Cura_Keyword_AppointmentConfirmation/Page_CURA Healthcare Service/a_Logout' located by '(//a[@onclick="$('#menu-close').click();"])[5]' not found
	at com.kms.katalon.core.webui.common.WebUiCommonHelper.findWebElement(WebUiCommonHelper.java:1379)
	at com.kms.katalon.core.webui.keyword.internal.WebUIAbstractKeyword.findWebElement(WebUIAbstractKeyword.groovy:27)
	at com.kms.katalon.core.webui.keyword.builtin.ClickKeyword$_click_closure1.doCall(ClickKeyword.groovy:65)
	at com.kms.katalon.core.webui.keyword.builtin.ClickKeyword$_click_closure1.call(ClickKeyword.groovy)
	at com.kms.katalon.core.webui.keyword.internal.WebUIKeywordMain.runKeyword(WebUIKeywordMain.groovy:20)
	... 23 more
)
[[ATTACHMENT|C:\\Users\\SHARON\\SI-GuidedProject-705628-1704897597\\Reports\\20240131_203534\\CURA_TL_TestSuite\\TL_Keyword_AppointmentConfirmation_TestSuite\\20240131_203534\\1706713648941.png]]

31-01-2024T20:37:30 - [MESSAGE][ERROR] - com.kms.katalon.core.exception.StepFailedException: Unable to click on object 'Object Repository/TL_Cura_Keyword_AppointmentConfirmation/Page_CURA Healthcare Service/a_Logout'
	at com.kms.katalon.core.webui.keyword.internal.WebUIKeywordMain.stepFailed(WebUIKeywordMain.groovy:64)
	at com.kms.katalon.core.webui.keyword.internal.WebUIKeywordMain.runKeyword(WebUIKeywordMain.groovy:26)
	at com.kms.katalon.core.webui.keyword.builtin.ClickKeyword.click(ClickKeyword.groovy:74)
	at com.kms.katalon.core.webui.keyword.builtin.ClickKeyword.execute(ClickKeyword.groovy:40)
	at com.kms.katalon.core.keyword.internal.KeywordExecutor.executeKeywordForPlatform(KeywordExecutor.groovy:74)
	at com.kms.katalon.core.webui.keyword.WebUiBuiltInKeywords.click(WebUiBuiltInKeywords.groovy:659)
	at CURA_TL_Keyword_AppointmentConfirmation.sampleAfterTestCase(CURA_TL_Keyword_AppointmentConfirmation.groovy:55)
	at java.base/jdk.internal.reflect.NativeMethodAccessorImpl.invoke0(Native Method)
	at java.base/jdk.internal.reflect.NativeMethodAccessorImpl.invoke(NativeMethodAccessorImpl.java:77)
	at java.base/jdk.internal.reflect.DelegatingMethodAccessorImpl.invoke(DelegatingMethodAccessorImpl.java:43)
	at com.kms.katalon.core.context.internal.TestHooker.invokeMethod(TestHooker.java:111)
	at com.kms.katalon.core.context.internal.TestHooker.lambda$3(TestHooker.java:95)
	at com.kms.katalon.core.context.internal.TestHooker.invokeContextMethods(TestHooker.java:94)
	at com.kms.katalon.core.context.internal.TestListenerCollector.lambda$3(TestListenerCollector.java:88)
	at com.kms.katalon.core.context.internal.TestListenerCollector.handleListenerEvent(TestListenerCollector.java:85)
	at com.kms.katalon.core.context.internal.ExecutionEventManager.publicEvent(ExecutionEventManager.java:36)
	at com.kms.katalon.core.main.TestCaseExecutor.execute(TestCaseExecutor.java:315)
	at com.kms.katalon.core.common.CommonExecutor.accessTestCaseMainPhase(CommonExecutor.java:65)
	at com.kms.katalon.core.main.TestSuiteExecutor.accessTestSuiteMainPhase(TestSuiteExecutor.java:148)
	at com.kms.katalon.core.main.TestSuiteExecutor.execute(TestSuiteExecutor.java:106)
	at com.kms.katalon.core.main.TestCaseMain.startTestSuite(TestCaseMain.java:180)
	at TempTestSuite1706713534649.run(TempTestSuite1706713534649.groovy:36)
	at java.base/jdk.internal.reflect.NativeMethodAccessorImpl.invoke0(Native Method)
	at java.base/jdk.internal.reflect.NativeMethodAccessorImpl.invoke(NativeMethodAccessorImpl.java:77)
	at java.base/jdk.internal.reflect.DelegatingMethodAccessorImpl.invoke(DelegatingMethodAccessorImpl.java:43)
Caused by: com.kms.katalon.core.webui.exception.WebElementNotFoundException: Web element with id: 'Object Repository/TL_Cura_Keyword_AppointmentConfirmation/Page_CURA Healthcare Service/a_Logout' located by '(//a[@onclick="$('#menu-close').click();"])[5]' not found
	at com.kms.katalon.core.webui.common.WebUiCommonHelper.findWebElement(WebUiCommonHelper.java:1379)
	at com.kms.katalon.core.webui.keyword.internal.WebUIAbstractKeyword.findWebElement(WebUIAbstractKeyword.groovy:27)
	at com.kms.katalon.core.webui.keyword.builtin.ClickKeyword$_click_closure1.doCall(ClickKeyword.groovy:65)
	at com.kms.katalon.core.webui.keyword.builtin.ClickKeyword$_click_closure1.call(ClickKeyword.groovy)
	at com.kms.katalon.core.webui.keyword.internal.WebUIKeywordMain.runKeyword(WebUIKeywordMain.groovy:20)
	... 23 more]]></system-out>
         <system-err><![CDATA[]]></system-err>
      </testcase>
      <system-out><![CDATA[31-01-2024T20:35:48 - [TEST_SUITE][PASSED] - TL_Keyword_AppointmentConfirmation_TestSuite: Test Cases/TestListener/TC_TL_Keyword_AppointmentConfirmation_002]]></system-out>
      <system-err><![CDATA[]]></system-err>
   </testsuite>
</testsuites>
